<?xml version="1.0" encoding="UTF-8"?>
<testng-results ignored="0" total="1" passed="1" failed="0" skipped="0">
  <reporter-output>
  </reporter-output>
  <suite started-at="2022-07-11T11:30:01 IST" name="Suite" finished-at="2022-07-11T11:30:12 IST" duration-ms="10374">
    <groups>
    </groups>
    <test started-at="2022-07-11T11:30:01 IST" name="Test1" finished-at="2022-07-11T11:30:12 IST" duration-ms="10374">
      <class name="mavenforjenkins.UITest">
        <test-method signature="startBrowser(java.lang.String)[pri:0, instance:mavenforjenkins.UITest@683dbc2c]" started-at="2022-07-11T11:30:01 IST" name="startBrowser" finished-at="2022-07-11T11:30:12 IST" duration-ms="10334" status="PASS">
          <params>
            <param index="0">
              <value>
                <![CDATA[Google Chrome]]>
              </value>
            </param>
          </params>
          <reporter-output>
          </reporter-output>
        </test-method> <!-- startBrowser -->
      </class> <!-- mavenforjenkins.UITest -->
    </test> <!-- Test1 -->
  </suite> <!-- Suite -->
</testng-results>
